[25-Aug-2019 18:20:51 UTC] PHP Parse error:  syntax error, unexpected '<', expecting end of file in phar:///usr/local/bin/wp/vendor/wp-cli/wp-cli/php/WP_CLI/SynopsisValidator.php on line 92
[25-Aug-2019 18:20:52 UTC] PHP Parse error:  syntax error, unexpected '<', expecting end of file in phar:///usr/local/bin/wp/vendor/wp-cli/wp-cli/php/WP_CLI/SynopsisValidator.php on line 92
[25-Aug-2019 18:32:19 UTC] PHP Parse error:  syntax error, unexpected '>' in /app/public/experiment.php on line 1
[25-Aug-2019 18:36:49 UTC] PHP Parse error:  syntax error, unexpected '&', expecting end of file in /app/public/experiment.php on line 2
[25-Aug-2019 18:37:06 UTC] PHP Parse error:  syntax error, unexpected '&', expecting end of file in /app/public/experiment.php on line 2
[25-Aug-2019 19:10:55 UTC] PHP Parse error:  syntax error, unexpected 'greet' (T_STRING) in /app/public/wp-content/themes/braunstone-college-theme/index.php on line 8
[25-Aug-2019 19:15:16 UTC] PHP Fatal error:  Uncaught Error: Call to undefined function tagline() in /app/public/wp-content/themes/braunstone-college-theme/index.php:13
Stack trace:
#0 /app/public/wp-includes/template-loader.php(78): include()
#1 /app/public/wp-blog-header.php(19): require_once('/app/public/wp-...')
#2 /app/public/index.php(17): require('/app/public/wp-...')
#3 {main}
  thrown in /app/public/wp-content/themes/braunstone-college-theme/index.php on line 13
[25-Aug-2019 19:34:26 UTC] PHP Parse error:  syntax error, unexpected ')' in /app/public/wp-content/themes/braunstone-college-theme/index.php on line 6
[25-Aug-2019 20:03:46 UTC] PHP Fatal error:  Uncaught Error: Call to undefined function the_posts() in /app/public/wp-content/themes/braunstone-college-theme/index.php:5
Stack trace:
#0 /app/public/wp-includes/template-loader.php(78): include()
#1 /app/public/wp-blog-header.php(19): require_once('/app/public/wp-...')
#2 /app/public/index.php(17): require('/app/public/wp-...')
#3 {main}
  thrown in /app/public/wp-content/themes/braunstone-college-theme/index.php on line 5
[25-Aug-2019 21:21:13 UTC] PHP Parse error:  syntax error, unexpected 'wp_enqueue_style' (T_STRING) in /app/public/wp-content/themes/braunstone-college-theme/functions.php on line 5
[25-Aug-2019 21:23:13 UTC] PHP Parse error:  syntax error, unexpected 'wp_enqueue_style' (T_STRING) in /app/public/wp-content/themes/braunstone-college-theme/functions.php on line 5
[25-Aug-2019 21:23:51 UTC] PHP Parse error:  syntax error, unexpected 'wp_enqueue_style' (T_STRING) in /app/public/wp-content/themes/braunstone-college-theme/functions.php on line 5
[25-Aug-2019 21:23:53 UTC] PHP Parse error:  syntax error, unexpected 'wp_enqueue_style' (T_STRING) in /app/public/wp-content/themes/braunstone-college-theme/functions.php on line 5
[25-Aug-2019 21:24:06 UTC] PHP Parse error:  syntax error, unexpected 'wp_enqueue_style' (T_STRING) in /app/public/wp-content/themes/braunstone-college-theme/functions.php on line 5
[25-Aug-2019 21:24:31 UTC] PHP Parse error:  syntax error, unexpected 'wp_enqueue_style' (T_STRING) in /app/public/wp-content/themes/braunstone-college-theme/functions.php on line 5
[25-Aug-2019 21:26:06 UTC] PHP Parse error:  syntax error, unexpected 'wp_enqueue_style' (T_STRING) in /app/public/wp-content/themes/braunstone-college-theme/functions.php on line 5
[25-Aug-2019 21:26:37 UTC] PHP Parse error:  syntax error, unexpected 'wp_enqueue_style' (T_STRING) in /app/public/wp-content/themes/braunstone-college-theme/functions.php on line 5
[25-Aug-2019 21:28:07 UTC] PHP Parse error:  syntax error, unexpected 'wp_enqueue_style' (T_STRING) in /app/public/wp-content/themes/braunstone-college-theme/functions.php on line 5
[25-Aug-2019 21:28:24 UTC] PHP Parse error:  syntax error, unexpected 'wp_enqueue_style' (T_STRING) in /app/public/wp-content/themes/braunstone-college-theme/functions.php on line 5
[25-Aug-2019 21:28:40 UTC] PHP Parse error:  syntax error, unexpected 'wp_enqueue_style' (T_STRING) in /app/public/wp-content/themes/braunstone-college-theme/functions.php on line 5
[25-Aug-2019 21:30:40 UTC] PHP Parse error:  syntax error, unexpected 'wp_enqueue_style' (T_STRING) in /app/public/wp-content/themes/braunstone-college-theme/functions.php on line 5
[25-Aug-2019 21:32:41 UTC] PHP Parse error:  syntax error, unexpected 'wp_enqueue_style' (T_STRING) in /app/public/wp-content/themes/braunstone-college-theme/functions.php on line 5
[25-Aug-2019 21:34:42 UTC] PHP Parse error:  syntax error, unexpected 'wp_enqueue_style' (T_STRING) in /app/public/wp-content/themes/braunstone-college-theme/functions.php on line 5
[25-Aug-2019 21:36:42 UTC] PHP Parse error:  syntax error, unexpected 'wp_enqueue_style' (T_STRING) in /app/public/wp-content/themes/braunstone-college-theme/functions.php on line 5
[25-Aug-2019 22:24:45 UTC] PHP Parse error:  syntax error, unexpected 'wp_enqueue_style' (T_STRING) in /app/public/wp-content/themes/braunstone-college-theme/functions.php on line 5
[25-Aug-2019 22:31:29 UTC] PHP Parse error:  syntax error, unexpected 'wp_enqueue_style' (T_STRING) in /app/public/wp-content/themes/braunstone-college-theme/functions.php on line 5
[25-Aug-2019 22:38:38 UTC] PHP Parse error:  syntax error, unexpected 'wp_enqueue_style' (T_STRING) in /app/public/wp-content/themes/braunstone-college-theme/functions.php on line 5
[25-Aug-2019 22:42:11 UTC] PHP Parse error:  syntax error, unexpected 'wp_enqueue_style' (T_STRING) in /app/public/wp-content/themes/braunstone-college-theme/functions.php on line 5
[25-Aug-2019 22:42:16 UTC] PHP Parse error:  syntax error, unexpected 'wp_enqueue_style' (T_STRING) in /app/public/wp-content/themes/braunstone-college-theme/functions.php on line 5
[25-Aug-2019 22:42:17 UTC] PHP Parse error:  syntax error, unexpected 'wp_enqueue_style' (T_STRING) in /app/public/wp-content/themes/braunstone-college-theme/functions.php on line 5
[25-Aug-2019 22:42:21 UTC] PHP Parse error:  syntax error, unexpected 'wp_enqueue_style' (T_STRING) in /app/public/wp-content/themes/braunstone-college-theme/functions.php on line 5
[25-Aug-2019 22:42:36 UTC] PHP Parse error:  syntax error, unexpected 'wp_enqueue_style' (T_STRING) in /app/public/wp-content/themes/braunstone-college-theme/functions.php on line 5
[25-Aug-2019 22:43:29 UTC] PHP Parse error:  syntax error, unexpected 'wp_enqueue_style' (T_STRING) in /app/public/wp-content/themes/braunstone-college-theme/functions.php on line 5
[25-Aug-2019 22:43:44 UTC] PHP Parse error:  syntax error, unexpected 'wp_enqueue_style' (T_STRING) in /app/public/wp-content/themes/braunstone-college-theme/functions.php on line 5
[25-Aug-2019 22:45:44 UTC] PHP Parse error:  syntax error, unexpected 'wp_enqueue_style' (T_STRING) in /app/public/wp-content/themes/braunstone-college-theme/functions.php on line 5
[25-Aug-2019 22:47:44 UTC] PHP Parse error:  syntax error, unexpected 'wp_enqueue_style' (T_STRING) in /app/public/wp-content/themes/braunstone-college-theme/functions.php on line 5
[25-Aug-2019 22:48:15 UTC] PHP Parse error:  syntax error, unexpected 'wp_enqueue_style' (T_STRING) in /app/public/wp-content/themes/braunstone-college-theme/functions.php on line 5
[25-Aug-2019 22:48:29 UTC] PHP Parse error:  syntax error, unexpected 'wp_enqueue_style' (T_STRING) in /app/public/wp-content/themes/braunstone-college-theme/functions.php on line 5
[25-Aug-2019 22:50:29 UTC] PHP Parse error:  syntax error, unexpected 'wp_enqueue_style' (T_STRING) in /app/public/wp-content/themes/braunstone-college-theme/functions.php on line 5
[25-Aug-2019 22:52:30 UTC] PHP Parse error:  syntax error, unexpected 'wp_enqueue_style' (T_STRING) in /app/public/wp-content/themes/braunstone-college-theme/functions.php on line 5
[25-Aug-2019 22:54:31 UTC] PHP Parse error:  syntax error, unexpected 'wp_enqueue_style' (T_STRING) in /app/public/wp-content/themes/braunstone-college-theme/functions.php on line 5
